<?xml version="1.0" encoding="UTF-8"?>
<testng-results ignored="0" total="1" passed="1" failed="0" skipped="0">
  <reporter-output>
  </reporter-output>
  <suite started-at="2023-07-12T08:41:56 EDT" name="Default suite" finished-at="2023-07-12T08:42:04 EDT" duration-ms="7984">
    <groups>
    </groups>
    <test started-at="2023-07-12T08:41:56 EDT" name="Default test" finished-at="2023-07-12T08:42:04 EDT" duration-ms="7984">
      <class name="com.inetBanking.testCases.TC_LoginTest_001">
        <test-method is-config="true" signature="setup()[pri:0, instance:com.inetBanking.testCases.TC_LoginTest_001@15bb5034]" started-at="2023-07-12T08:41:56 EDT" name="setup" finished-at="2023-07-12T08:41:58 EDT" duration-ms="2606" status="PASS">
          <reporter-output>
          </reporter-output>
        </test-method> <!-- setup -->
        <test-method signature="LoginTest()[pri:0, instance:com.inetBanking.testCases.TC_LoginTest_001@15bb5034]" started-at="2023-07-12T08:41:59 EDT" name="LoginTest" finished-at="2023-07-12T08:42:04 EDT" duration-ms="5058" status="PASS">
          <reporter-output>
          </reporter-output>
        </test-method> <!-- LoginTest -->
        <test-method is-config="true" signature="tearDown()[pri:0, instance:com.inetBanking.testCases.TC_LoginTest_001@15bb5034]" started-at="2023-07-12T08:42:04 EDT" name="tearDown" finished-at="2023-07-12T08:42:04 EDT" duration-ms="274" status="PASS">
          <reporter-output>
          </reporter-output>
        </test-method> <!-- tearDown -->
      </class> <!-- com.inetBanking.testCases.TC_LoginTest_001 -->
    </test> <!-- Default test -->
  </suite> <!-- Default suite -->
</testng-results>
